


ARM Macro Assembler    Page 1 


    1 00000000         ;/******************************************************
                       ********************//**
    2 00000000         ; * @file     startup_LPC11xx.s
    3 00000000         ; * @brief    CMSIS Cortex-M0 Core Device Startup File
    4 00000000         ; *           for the NXP LPC11xx/LPC11Cxx Device Series
                       
    5 00000000         ; * @version  V1.10
    6 00000000         ; * @date     24. November 2010
    7 00000000         ; *------- <<< Use Configuration Wizard in Context Menu 
                       >>> ------------------
    8 00000000         ; *
    9 00000000         ; * @note
   10 00000000         ; * Copyright (C) 2009-2010 ARM Limited. All rights rese
                       rved.
   11 00000000         ; *
   12 00000000         ; * @par
   13 00000000         ; * ARM Limited (ARM) is supplying this software for use
                        with Cortex-M 
   14 00000000         ; * processor based microcontrollers.  This file can be 
                       freely distributed 
   15 00000000         ; * within development tools that are supporting such AR
                       M based processors. 
   16 00000000         ; *
   17 00000000         ; * @par
   18 00000000         ; * THIS SOFTWARE IS PROVIDED "AS IS".  NO WARRANTIES, W
                       HETHER EXPRESS, IMPLIED
   19 00000000         ; * OR STATUTORY, INCLUDING, BUT NOT LIMITED TO, IMPLIED
                        WARRANTIES OF
   20 00000000         ; * MERCHANTABILITY AND FITNESS FOR A PARTICULAR PURPOSE
                        APPLY TO THIS SOFTWARE.
   21 00000000         ; * ARM SHALL NOT, IN ANY CIRCUMSTANCES, BE LIABLE FOR S
                       PECIAL, INCIDENTAL, OR
   22 00000000         ; * CONSEQUENTIAL DAMAGES, FOR ANY REASON WHATSOEVER.
   23 00000000         ; *
   24 00000000         ; ******************************************************
                       ************************/
   25 00000000         
   26 00000000         
   27 00000000         ; <h> Stack Configuration
   28 00000000         ;   <o> Stack Size (in Bytes) <0x0-0xFFFFFFFF:8>
   29 00000000         ; </h>
   30 00000000         
   31 00000000 00000200 
                       Stack_Size
                               EQU              0x00000200
   32 00000000         
   33 00000000                 AREA             STACK, NOINIT, READWRITE, ALIGN
=3
   34 00000000         Stack_Mem
                               SPACE            Stack_Size
   35 00000200         __initial_sp
   36 00000200         
   37 00000200         
   38 00000200         ; <h> Heap Configuration
   39 00000200         ;   <o>  Heap Size (in Bytes) <0x0-0xFFFFFFFF:8>
   40 00000200         ; </h>
   41 00000200         
   42 00000200 00000000 
                       Heap_Size



ARM Macro Assembler    Page 2 


                               EQU              0x00000000
   43 00000200         
   44 00000200                 AREA             HEAP, NOINIT, READWRITE, ALIGN=
3
   45 00000000         __heap_base
   46 00000000         Heap_Mem
                               SPACE            Heap_Size
   47 00000000         __heap_limit
   48 00000000         
   49 00000000         
   50 00000000                 PRESERVE8
   51 00000000                 THUMB
   52 00000000         
   53 00000000         
   54 00000000         ; Vector Table Mapped to Address 0 at Reset
   55 00000000         
   56 00000000                 AREA             RESET, DATA, READONLY
   57 00000000                 EXPORT           __Vectors
   58 00000000         
   59 00000000 00000000 
                       __Vectors
                               DCD              __initial_sp ; Top of Stack
   60 00000004 00000000        DCD              Reset_Handler ; Reset Handler
   61 00000008 00000000        DCD              NMI_Handler ; NMI Handler
   62 0000000C 00000000        DCD              HardFault_Handler ; Hard Fault 
                                                            Handler
   63 00000010 00000000        DCD              0           ; Reserved
   64 00000014 00000000        DCD              0           ; Reserved
   65 00000018 00000000        DCD              0           ; Reserved
   66 0000001C 00000000        DCD              0           ; Reserved
   67 00000020 00000000        DCD              0           ; Reserved
   68 00000024 00000000        DCD              0           ; Reserved
   69 00000028 00000000        DCD              0           ; Reserved
   70 0000002C 00000000        DCD              SVC_Handler ; SVCall Handler
   71 00000030 00000000        DCD              0           ; Reserved
   72 00000034 00000000        DCD              0           ; Reserved
   73 00000038 00000000        DCD              PendSV_Handler ; PendSV Handler
                                                            
   74 0000003C 00000000        DCD              SysTick_Handler 
                                                            ; SysTick Handler
   75 00000040         
   76 00000040         ; External Interrupts
   77 00000040 00000000        DCD              WAKEUP_IRQHandler ; 16+ 0: Wake
                                                            up PIO0.0
   78 00000044 00000000        DCD              WAKEUP_IRQHandler ; 16+ 1: Wake
                                                            up PIO0.1
   79 00000048 00000000        DCD              WAKEUP_IRQHandler ; 16+ 2: Wake
                                                            up PIO0.2
   80 0000004C 00000000        DCD              WAKEUP_IRQHandler ; 16+ 3: Wake
                                                            up PIO0.3
   81 00000050 00000000        DCD              WAKEUP_IRQHandler ; 16+ 4: Wake
                                                            up PIO0.4
   82 00000054 00000000        DCD              WAKEUP_IRQHandler ; 16+ 5: Wake
                                                            up PIO0.5
   83 00000058 00000000        DCD              WAKEUP_IRQHandler ; 16+ 6: Wake
                                                            up PIO0.6
   84 0000005C 00000000        DCD              WAKEUP_IRQHandler ; 16+ 7: Wake
                                                            up PIO0.7
   85 00000060 00000000        DCD              WAKEUP_IRQHandler ; 16+ 8: Wake



ARM Macro Assembler    Page 3 


                                                            up PIO0.8
   86 00000064 00000000        DCD              WAKEUP_IRQHandler ; 16+ 9: Wake
                                                            up PIO0.9
   87 00000068 00000000        DCD              WAKEUP_IRQHandler ; 16+10: Wake
                                                            up PIO0.10
   88 0000006C 00000000        DCD              WAKEUP_IRQHandler ; 16+11: Wake
                                                            up PIO0.11
   89 00000070 00000000        DCD              WAKEUP_IRQHandler ; 16+12: Wake
                                                            up PIO1.0
   90 00000074 00000000        DCD              CAN_IRQHandler ; 16+13: CAN
   91 00000078 00000000        DCD              SSP1_IRQHandler ; 16+14: SSP1
   92 0000007C 00000000        DCD              I2C_IRQHandler ; 16+15: I2C
   93 00000080 00000000        DCD              TIMER16_0_IRQHandler ; 16+16: 1
                                                            6-bit Counter-Timer
                                                             0
   94 00000084 00000000        DCD              TIMER16_1_IRQHandler ; 16+17: 1
                                                            6-bit Counter-Timer
                                                             1
   95 00000088 00000000        DCD              TIMER32_0_IRQHandler ; 16+18: 3
                                                            2-bit Counter-Timer
                                                             0
   96 0000008C 00000000        DCD              TIMER32_1_IRQHandler ; 16+19: 3
                                                            2-bit Counter-Timer
                                                             1
   97 00000090 00000000        DCD              SSP0_IRQHandler ; 16+20: SSP0
   98 00000094 00000000        DCD              UART_IRQHandler ; 16+21: UART
   99 00000098 00000000        DCD              USB_IRQHandler ; 16+22: USB IRQ
                                                            
  100 0000009C 00000000        DCD              USB_FIQHandler ; 16+24: USB FIQ
                                                            
  101 000000A0 00000000        DCD              ADC_IRQHandler ; 16+24: A/D Con
                                                            verter
  102 000000A4 00000000        DCD              WDT_IRQHandler ; 16+25: Watchdo
                                                            g Timer
  103 000000A8 00000000        DCD              BOD_IRQHandler ; 16+26: Brown O
                                                            ut Detect
  104 000000AC 00000000        DCD              FMC_IRQHandler ; 16+27: IP2111 
                                                            Flash Memory Contro
                                                            ller
  105 000000B0 00000000        DCD              PIOINT3_IRQHandler 
                                                            ; 16+28: PIO INT3
  106 000000B4 00000000        DCD              PIOINT2_IRQHandler 
                                                            ; 16+29: PIO INT2
  107 000000B8 00000000        DCD              PIOINT1_IRQHandler 
                                                            ; 16+30: PIO INT1
  108 000000BC 00000000        DCD              PIOINT0_IRQHandler 
                                                            ; 16+31: PIO INT0
  109 000000C0         
  110 000000C0         
  111 000000C0                 IF               :LNOT::DEF:NO_CRP
  112 000000C0                 AREA             |.ARM.__at_0x02FC|, CODE, READO
NLY
  113 00000000 FFFFFFFF 
                       CRP_Key DCD              0xFFFFFFFF
  114 00000004                 ENDIF
  115 00000004         
  116 00000004         
  117 00000004                 AREA             |.text|, CODE, READONLY
  118 00000000         



ARM Macro Assembler    Page 4 


  119 00000000         
  120 00000000         ; Reset Handler
  121 00000000         
  122 00000000         Reset_Handler
                               PROC
  123 00000000                 EXPORT           Reset_Handler             [WEAK
]
  124 00000000                 IMPORT           SystemInit
  125 00000000                 IMPORT           __main
  126 00000000 4807            LDR              R0, =SystemInit
  127 00000002 4780            BLX              R0
  128 00000004 4807            LDR              R0, =__main
  129 00000006 4700            BX               R0
  130 00000008                 ENDP
  131 00000008         
  132 00000008         
  133 00000008         ; Dummy Exception Handlers (infinite loops which can be 
                       modified)                
  134 00000008         
  135 00000008         NMI_Handler
                               PROC
  136 00000008                 EXPORT           NMI_Handler               [WEAK
]
  137 00000008 E7FE            B                .
  138 0000000A                 ENDP
  140 0000000A         HardFault_Handler
                               PROC
  141 0000000A                 EXPORT           HardFault_Handler         [WEAK
]
  142 0000000A E7FE            B                .
  143 0000000C                 ENDP
  144 0000000C         SVC_Handler
                               PROC
  145 0000000C                 EXPORT           SVC_Handler               [WEAK
]
  146 0000000C E7FE            B                .
  147 0000000E                 ENDP
  148 0000000E         PendSV_Handler
                               PROC
  149 0000000E                 EXPORT           PendSV_Handler            [WEAK
]
  150 0000000E E7FE            B                .
  151 00000010                 ENDP
  152 00000010         SysTick_Handler
                               PROC
  153 00000010                 EXPORT           SysTick_Handler           [WEAK
]
  154 00000010 E7FE            B                .
  155 00000012                 ENDP
  156 00000012         
  157 00000012         Default_Handler
                               PROC
  158 00000012         
  159 00000012                 EXPORT           WAKEUP_IRQHandler         [WEAK
]
  160 00000012                 EXPORT           CAN_IRQHandler            [WEAK
]
  161 00000012                 EXPORT           SSP1_IRQHandler           [WEAK
]



ARM Macro Assembler    Page 5 


  162 00000012                 EXPORT           I2C_IRQHandler            [WEAK
]
  163 00000012                 EXPORT           TIMER16_0_IRQHandler      [WEAK
]
  164 00000012                 EXPORT           TIMER16_1_IRQHandler      [WEAK
]
  165 00000012                 EXPORT           TIMER32_0_IRQHandler      [WEAK
]
  166 00000012                 EXPORT           TIMER32_1_IRQHandler      [WEAK
]
  167 00000012                 EXPORT           SSP0_IRQHandler           [WEAK
]
  168 00000012                 EXPORT           UART_IRQHandler           [WEAK
]
  169 00000012                 EXPORT           USB_IRQHandler            [WEAK
]
  170 00000012                 EXPORT           USB_FIQHandler            [WEAK
]
  171 00000012                 EXPORT           ADC_IRQHandler            [WEAK
]
  172 00000012                 EXPORT           WDT_IRQHandler            [WEAK
]
  173 00000012                 EXPORT           BOD_IRQHandler            [WEAK
]
  174 00000012                 EXPORT           FMC_IRQHandler            [WEAK
]
  175 00000012                 EXPORT           PIOINT3_IRQHandler        [WEAK
]
  176 00000012                 EXPORT           PIOINT2_IRQHandler        [WEAK
]
  177 00000012                 EXPORT           PIOINT1_IRQHandler        [WEAK
]
  178 00000012                 EXPORT           PIOINT0_IRQHandler        [WEAK
]
  179 00000012         
  180 00000012         WAKEUP_IRQHandler
  181 00000012         CAN_IRQHandler
  182 00000012         SSP1_IRQHandler
  183 00000012         I2C_IRQHandler
  184 00000012         TIMER16_0_IRQHandler
  185 00000012         TIMER16_1_IRQHandler
  186 00000012         TIMER32_0_IRQHandler
  187 00000012         TIMER32_1_IRQHandler
  188 00000012         SSP0_IRQHandler
  189 00000012         UART_IRQHandler
  190 00000012         USB_IRQHandler
  191 00000012         USB_FIQHandler
  192 00000012         ADC_IRQHandler
  193 00000012         WDT_IRQHandler
  194 00000012         BOD_IRQHandler
  195 00000012         FMC_IRQHandler
  196 00000012         PIOINT3_IRQHandler
  197 00000012         PIOINT2_IRQHandler
  198 00000012         PIOINT1_IRQHandler
  199 00000012         PIOINT0_IRQHandler
  200 00000012         
  201 00000012 E7FE            B                .
  202 00000014         
  203 00000014                 ENDP



ARM Macro Assembler    Page 6 


  204 00000014         
  205 00000014         
  206 00000014                 ALIGN
  207 00000014         
  208 00000014         
  209 00000014         ; User Initial Stack & Heap
  210 00000014         
  211 00000014                 IF               :DEF:__MICROLIB
  218 00000014         
  219 00000014                 IMPORT           __use_two_region_memory
  220 00000014                 EXPORT           __user_initial_stackheap
  221 00000014         __user_initial_stackheap
  222 00000014         
  223 00000014 4804            LDR              R0, =  Heap_Mem
  224 00000016 4905            LDR              R1, =(Stack_Mem + Stack_Size)
  225 00000018 4A03            LDR              R2, = (Heap_Mem +  Heap_Size)
  226 0000001A 4B05            LDR              R3, = Stack_Mem
  227 0000001C 4770            BX               LR
  228 0000001E         
  229 0000001E 00 00           ALIGN
  230 00000020         
  231 00000020                 ENDIF
  232 00000020         
  233 00000020         
  234 00000020                 END
              00000000 
              00000000 
              00000000 
              00000200 
              00000000 
Command Line: --debug --xref --cpu=Cortex-M0 --apcs=interwork --depend=startup_
LPC11xx.d -ostartup_LPC11xx.o -IC:\Keil\ARM\RV31\Inc -IC:\Keil\ARM\CMSIS\Includ
e -IC:\Keil\ARM\Inc\NXP\LPC11xx --predefine="__EVAL SETA 1" --list=startup_LPC1
1xx.lst startup_LPC11xx.s



ARM Macro Assembler    Page 1 Alphabetic symbol ordering
Relocatable symbols

STACK 00000000

Symbol: STACK
   Definitions
      At line 33 in file startup_LPC11xx.s
   Uses
      None
Comment: STACK unused
Stack_Mem 00000000

Symbol: Stack_Mem
   Definitions
      At line 34 in file startup_LPC11xx.s
   Uses
      At line 224 in file startup_LPC11xx.s
      At line 226 in file startup_LPC11xx.s

__initial_sp 00000200

Symbol: __initial_sp
   Definitions
      At line 35 in file startup_LPC11xx.s
   Uses
      At line 59 in file startup_LPC11xx.s
Comment: __initial_sp used once
3 symbols



ARM Macro Assembler    Page 1 Alphabetic symbol ordering
Relocatable symbols

HEAP 00000000

Symbol: HEAP
   Definitions
      At line 44 in file startup_LPC11xx.s
   Uses
      None
Comment: HEAP unused
Heap_Mem 00000000

Symbol: Heap_Mem
   Definitions
      At line 46 in file startup_LPC11xx.s
   Uses
      At line 223 in file startup_LPC11xx.s
      At line 225 in file startup_LPC11xx.s

__heap_base 00000000

Symbol: __heap_base
   Definitions
      At line 45 in file startup_LPC11xx.s
   Uses
      None
Comment: __heap_base unused
__heap_limit 00000000

Symbol: __heap_limit
   Definitions
      At line 47 in file startup_LPC11xx.s
   Uses
      None
Comment: __heap_limit unused
4 symbols



ARM Macro Assembler    Page 1 Alphabetic symbol ordering
Relocatable symbols

RESET 00000000

Symbol: RESET
   Definitions
      At line 56 in file startup_LPC11xx.s
   Uses
      None
Comment: RESET unused
__Vectors 00000000

Symbol: __Vectors
   Definitions
      At line 59 in file startup_LPC11xx.s
   Uses
      At line 57 in file startup_LPC11xx.s
Comment: __Vectors used once
2 symbols



ARM Macro Assembler    Page 1 Alphabetic symbol ordering
Relocatable symbols

.ARM.__at_0x02FC 00000000

Symbol: .ARM.__at_0x02FC
   Definitions
      At line 112 in file startup_LPC11xx.s
   Uses
      None
Comment: .ARM.__at_0x02FC unused
CRP_Key 00000000

Symbol: CRP_Key
   Definitions
      At line 113 in file startup_LPC11xx.s
   Uses
      None
Comment: CRP_Key unused
2 symbols



ARM Macro Assembler    Page 1 Alphabetic symbol ordering
Relocatable symbols

.text 00000000

Symbol: .text
   Definitions
      At line 117 in file startup_LPC11xx.s
   Uses
      None
Comment: .text unused
ADC_IRQHandler 00000012

Symbol: ADC_IRQHandler
   Definitions
      At line 192 in file startup_LPC11xx.s
   Uses
      At line 101 in file startup_LPC11xx.s
      At line 171 in file startup_LPC11xx.s

BOD_IRQHandler 00000012

Symbol: BOD_IRQHandler
   Definitions
      At line 194 in file startup_LPC11xx.s
   Uses
      At line 103 in file startup_LPC11xx.s
      At line 173 in file startup_LPC11xx.s

CAN_IRQHandler 00000012

Symbol: CAN_IRQHandler
   Definitions
      At line 181 in file startup_LPC11xx.s
   Uses
      At line 90 in file startup_LPC11xx.s
      At line 160 in file startup_LPC11xx.s

Default_Handler 00000012

Symbol: Default_Handler
   Definitions
      At line 157 in file startup_LPC11xx.s
   Uses
      None
Comment: Default_Handler unused
FMC_IRQHandler 00000012

Symbol: FMC_IRQHandler
   Definitions
      At line 195 in file startup_LPC11xx.s
   Uses
      At line 104 in file startup_LPC11xx.s
      At line 174 in file startup_LPC11xx.s

HardFault_Handler 0000000A

Symbol: HardFault_Handler
   Definitions
      At line 140 in file startup_LPC11xx.s
   Uses
      At line 62 in file startup_LPC11xx.s



ARM Macro Assembler    Page 2 Alphabetic symbol ordering
Relocatable symbols

      At line 141 in file startup_LPC11xx.s

I2C_IRQHandler 00000012

Symbol: I2C_IRQHandler
   Definitions
      At line 183 in file startup_LPC11xx.s
   Uses
      At line 92 in file startup_LPC11xx.s
      At line 162 in file startup_LPC11xx.s

NMI_Handler 00000008

Symbol: NMI_Handler
   Definitions
      At line 135 in file startup_LPC11xx.s
   Uses
      At line 61 in file startup_LPC11xx.s
      At line 136 in file startup_LPC11xx.s

PIOINT0_IRQHandler 00000012

Symbol: PIOINT0_IRQHandler
   Definitions
      At line 199 in file startup_LPC11xx.s
   Uses
      At line 108 in file startup_LPC11xx.s
      At line 178 in file startup_LPC11xx.s

PIOINT1_IRQHandler 00000012

Symbol: PIOINT1_IRQHandler
   Definitions
      At line 198 in file startup_LPC11xx.s
   Uses
      At line 107 in file startup_LPC11xx.s
      At line 177 in file startup_LPC11xx.s

PIOINT2_IRQHandler 00000012

Symbol: PIOINT2_IRQHandler
   Definitions
      At line 197 in file startup_LPC11xx.s
   Uses
      At line 106 in file startup_LPC11xx.s
      At line 176 in file startup_LPC11xx.s

PIOINT3_IRQHandler 00000012

Symbol: PIOINT3_IRQHandler
   Definitions
      At line 196 in file startup_LPC11xx.s
   Uses
      At line 105 in file startup_LPC11xx.s
      At line 175 in file startup_LPC11xx.s

PendSV_Handler 0000000E

Symbol: PendSV_Handler



ARM Macro Assembler    Page 3 Alphabetic symbol ordering
Relocatable symbols

   Definitions
      At line 148 in file startup_LPC11xx.s
   Uses
      At line 73 in file startup_LPC11xx.s
      At line 149 in file startup_LPC11xx.s

Reset_Handler 00000000

Symbol: Reset_Handler
   Definitions
      At line 122 in file startup_LPC11xx.s
   Uses
      At line 60 in file startup_LPC11xx.s
      At line 123 in file startup_LPC11xx.s

SSP0_IRQHandler 00000012

Symbol: SSP0_IRQHandler
   Definitions
      At line 188 in file startup_LPC11xx.s
   Uses
      At line 97 in file startup_LPC11xx.s
      At line 167 in file startup_LPC11xx.s

SSP1_IRQHandler 00000012

Symbol: SSP1_IRQHandler
   Definitions
      At line 182 in file startup_LPC11xx.s
   Uses
      At line 91 in file startup_LPC11xx.s
      At line 161 in file startup_LPC11xx.s

SVC_Handler 0000000C

Symbol: SVC_Handler
   Definitions
      At line 144 in file startup_LPC11xx.s
   Uses
      At line 70 in file startup_LPC11xx.s
      At line 145 in file startup_LPC11xx.s

SysTick_Handler 00000010

Symbol: SysTick_Handler
   Definitions
      At line 152 in file startup_LPC11xx.s
   Uses
      At line 74 in file startup_LPC11xx.s
      At line 153 in file startup_LPC11xx.s

TIMER16_0_IRQHandler 00000012

Symbol: TIMER16_0_IRQHandler
   Definitions
      At line 184 in file startup_LPC11xx.s
   Uses
      At line 93 in file startup_LPC11xx.s
      At line 163 in file startup_LPC11xx.s



ARM Macro Assembler    Page 4 Alphabetic symbol ordering
Relocatable symbols


TIMER16_1_IRQHandler 00000012

Symbol: TIMER16_1_IRQHandler
   Definitions
      At line 185 in file startup_LPC11xx.s
   Uses
      At line 94 in file startup_LPC11xx.s
      At line 164 in file startup_LPC11xx.s

TIMER32_0_IRQHandler 00000012

Symbol: TIMER32_0_IRQHandler
   Definitions
      At line 186 in file startup_LPC11xx.s
   Uses
      At line 95 in file startup_LPC11xx.s
      At line 165 in file startup_LPC11xx.s

TIMER32_1_IRQHandler 00000012

Symbol: TIMER32_1_IRQHandler
   Definitions
      At line 187 in file startup_LPC11xx.s
   Uses
      At line 96 in file startup_LPC11xx.s
      At line 166 in file startup_LPC11xx.s

UART_IRQHandler 00000012

Symbol: UART_IRQHandler
   Definitions
      At line 189 in file startup_LPC11xx.s
   Uses
      At line 98 in file startup_LPC11xx.s
      At line 168 in file startup_LPC11xx.s

USB_FIQHandler 00000012

Symbol: USB_FIQHandler
   Definitions
      At line 191 in file startup_LPC11xx.s
   Uses
      At line 100 in file startup_LPC11xx.s
      At line 170 in file startup_LPC11xx.s

USB_IRQHandler 00000012

Symbol: USB_IRQHandler
   Definitions
      At line 190 in file startup_LPC11xx.s
   Uses
      At line 99 in file startup_LPC11xx.s
      At line 169 in file startup_LPC11xx.s

WAKEUP_IRQHandler 00000012

Symbol: WAKEUP_IRQHandler
   Definitions



ARM Macro Assembler    Page 5 Alphabetic symbol ordering
Relocatable symbols

      At line 180 in file startup_LPC11xx.s
   Uses
      At line 77 in file startup_LPC11xx.s
      At line 78 in file startup_LPC11xx.s
      At line 79 in file startup_LPC11xx.s
      At line 80 in file startup_LPC11xx.s
      At line 81 in file startup_LPC11xx.s
      At line 82 in file startup_LPC11xx.s
      At line 83 in file startup_LPC11xx.s
      At line 84 in file startup_LPC11xx.s
      At line 85 in file startup_LPC11xx.s
      At line 86 in file startup_LPC11xx.s
      At line 87 in file startup_LPC11xx.s
      At line 88 in file startup_LPC11xx.s
      At line 89 in file startup_LPC11xx.s
      At line 159 in file startup_LPC11xx.s

WDT_IRQHandler 00000012

Symbol: WDT_IRQHandler
   Definitions
      At line 193 in file startup_LPC11xx.s
   Uses
      At line 102 in file startup_LPC11xx.s
      At line 172 in file startup_LPC11xx.s

__user_initial_stackheap 00000014

Symbol: __user_initial_stackheap
   Definitions
      At line 221 in file startup_LPC11xx.s
   Uses
      At line 220 in file startup_LPC11xx.s
Comment: __user_initial_stackheap used once
29 symbols



ARM Macro Assembler    Page 1 Alphabetic symbol ordering
Absolute symbols

Heap_Size 00000000

Symbol: Heap_Size
   Definitions
      At line 42 in file startup_LPC11xx.s
   Uses
      At line 46 in file startup_LPC11xx.s
      At line 225 in file startup_LPC11xx.s

Stack_Size 00000200

Symbol: Stack_Size
   Definitions
      At line 31 in file startup_LPC11xx.s
   Uses
      At line 34 in file startup_LPC11xx.s
      At line 224 in file startup_LPC11xx.s

2 symbols



ARM Macro Assembler    Page 1 Alphabetic symbol ordering
External symbols

SystemInit 00000000

Symbol: SystemInit
   Definitions
      At line 124 in file startup_LPC11xx.s
   Uses
      At line 126 in file startup_LPC11xx.s
Comment: SystemInit used once
__main 00000000

Symbol: __main
   Definitions
      At line 125 in file startup_LPC11xx.s
   Uses
      At line 128 in file startup_LPC11xx.s
Comment: __main used once
__use_two_region_memory 00000000

Symbol: __use_two_region_memory
   Definitions
      At line 219 in file startup_LPC11xx.s
   Uses
      None
Comment: __use_two_region_memory unused
3 symbols
382 symbols in table
